<?xml version="1.0" encoding="utf-8"?>
<TestRun id="a601f004-53cf-458b-8e6c-bee94446767b" name="@Lesters-MacBook-Pro 2024-08-23 12:02:52" xmlns="http://microsoft.com/schemas/VisualStudio/TeamTest/2010">
  <Times creation="2024-08-23T12:02:52.4914060-07:00" queuing="2024-08-23T12:02:52.4914060-07:00" start="2024-08-23T12:02:50.2830460-07:00" finish="2024-08-23T12:02:52.5070570-07:00" />
  <TestSettings name="default" id="b8d3d2be-5172-4ec2-a6eb-3255cfdc592f">
    <Deployment runDeploymentRoot="_Lesters-MacBook-Pro_2024-08-23_12_02_52" />
  </TestSettings>
  <Results>
    <UnitTestResult executionId="3f1998b8-3c00-4554-a39e-a7374e20d639" testId="53145742-444e-c406-d1b5-d5b42654e3cd" testName="MigrationApp.Console.Tests.UnitTest1.Test1" computerName="Lesters-MacBook-Pro" duration="00:00:00.0028340" startTime="2024-08-23T12:02:52.3207780-07:00" endTime="2024-08-23T12:02:52.3208500-07:00" testType="13cdc9d9-ddb5-4fa4-a97d-d965ccfc6d4b" outcome="Passed" testListId="8c84fa94-04c1-424b-9868-57a2d4851a1d" relativeResultsDirectory="3f1998b8-3c00-4554-a39e-a7374e20d639" />
  </Results>
  <TestDefinitions>
    <UnitTest name="MigrationApp.Console.Tests.UnitTest1.Test1" storage="/users/lester.szeto/git/tableau-emsb-migration-app/tests/esmbmigrationapp.console.tests/bin/release/net8.0/esmbmigrationapp.console.tests.dll" id="53145742-444e-c406-d1b5-d5b42654e3cd">
      <Execution id="3f1998b8-3c00-4554-a39e-a7374e20d639" />
      <TestMethod codeBase="/Users/lester.szeto/git/tableau-emsb-migration-app/tests/MigrationApp.Console.Tests/bin/Release/net8.0/MigrationApp.Console.Tests.dll" adapterTypeName="executor://xunit/VsTestRunner2/netcoreapp" className="MigrationApp.Console.Tests.UnitTest1" name="Test1" />
    </UnitTest>
  </TestDefinitions>
  <TestEntries>
    <TestEntry testId="53145742-444e-c406-d1b5-d5b42654e3cd" executionId="3f1998b8-3c00-4554-a39e-a7374e20d639" testListId="8c84fa94-04c1-424b-9868-57a2d4851a1d" />
  </TestEntries>
  <TestLists>
    <TestList name="Results Not in a List" id="8c84fa94-04c1-424b-9868-57a2d4851a1d" />
    <TestList name="All Loaded Results" id="19431567-8539-422a-85d7-44ee4e166bda" />
  </TestLists>
  <ResultSummary outcome="Completed">
    <Counters total="1" executed="1" passed="1" failed="0" error="0" timeout="0" aborted="0" inconclusive="0" passedButRunAborted="0" notRunnable="0" notExecuted="0" disconnected="0" warning="0" completed="0" inProgress="0" pending="0" />
    <Output>
      <StdOut>[xUnit.net 00:00:00.00] xUnit.net VSTest Adapter v2.4.5+1caef2f33e (64-bit .NET 8.0.4)
[xUnit.net 00:00:01.07]   Discovering: MigrationApp.Console.Tests
[xUnit.net 00:00:01.10]   Discovered:  MigrationApp.Console.Tests
[xUnit.net 00:00:01.11]   Starting:    MigrationApp.Console.Tests
[xUnit.net 00:00:01.17]   Finished:    MigrationApp.Console.Tests
</StdOut>
    </Output>
  </ResultSummary>
</TestRun>